
> igv-webapp@1.1.0 start /data/git/igv-webapp
> http-server -a 0.0.0.0 dist

Starting up http-server, serving dist
Available on:
  http://127.0.0.1:8080
  http://10.12.249.75:8080
Hit CTRL-C to stop the server
[Fri Oct 04 2019 13:22:22 GMT-0700 (PDT)] "GET /" "Mozilla/5.0 (Windows NT 6.1; Win64; x64) AppleWebKit/537.36 (KHTML, like Gecko) Chrome/77.0.3865.90 Safari/537.36"
[Fri Oct 04 2019 13:22:22 GMT-0700 (PDT)] "GET /css/fontawesome/all.css" "Mozilla/5.0 (Windows NT 6.1; Win64; x64) AppleWebKit/537.36 (KHTML, like Gecko) Chrome/77.0.3865.90 Safari/537.36"
[Fri Oct 04 2019 13:22:22 GMT-0700 (PDT)] "GET /css/app.css" "Mozilla/5.0 (Windows NT 6.1; Win64; x64) AppleWebKit/537.36 (KHTML, like Gecko) Chrome/77.0.3865.90 Safari/537.36"
[Fri Oct 04 2019 13:22:23 GMT-0700 (PDT)] "GET /igvwebConfig.js" "Mozilla/5.0 (Windows NT 6.1; Win64; x64) AppleWebKit/537.36 (KHTML, like Gecko) Chrome/77.0.3865.90 Safari/537.36"
[Fri Oct 04 2019 13:22:23 GMT-0700 (PDT)] "GET /app_bundle.js" "Mozilla/5.0 (Windows NT 6.1; Win64; x64) AppleWebKit/537.36 (KHTML, like Gecko) Chrome/77.0.3865.90 Safari/537.36"
[Fri Oct 04 2019 13:22:23 GMT-0700 (PDT)] "GET /img/dropbox-dropdown-menu-item.png" "Mozilla/5.0 (Windows NT 6.1; Win64; x64) AppleWebKit/537.36 (KHTML, like Gecko) Chrome/77.0.3865.90 Safari/537.36"
[Fri Oct 04 2019 13:22:23 GMT-0700 (PDT)] "GET /img/googledrive-dropdown-menu-item.png" "Mozilla/5.0 (Windows NT 6.1; Win64; x64) AppleWebKit/537.36 (KHTML, like Gecko) Chrome/77.0.3865.90 Safari/537.36"
[Fri Oct 04 2019 13:22:23 GMT-0700 (PDT)] "GET /img/igv-logo-cooked-40x40.png" "Mozilla/5.0 (Windows NT 6.1; Win64; x64) AppleWebKit/537.36 (KHTML, like Gecko) Chrome/77.0.3865.90 Safari/537.36"
[Fri Oct 04 2019 13:22:23 GMT-0700 (PDT)] "GET /img/ucsd-logo.svg" "Mozilla/5.0 (Windows NT 6.1; Win64; x64) AppleWebKit/537.36 (KHTML, like Gecko) Chrome/77.0.3865.90 Safari/537.36"
[Fri Oct 04 2019 13:22:23 GMT-0700 (PDT)] "GET /img/broad-institute-logo.svg" "Mozilla/5.0 (Windows NT 6.1; Win64; x64) AppleWebKit/537.36 (KHTML, like Gecko) Chrome/77.0.3865.90 Safari/537.36"
[Fri Oct 04 2019 13:22:23 GMT-0700 (PDT)] "GET /css/webfonts/fa-solid-900.woff2" "Mozilla/5.0 (Windows NT 6.1; Win64; x64) AppleWebKit/537.36 (KHTML, like Gecko) Chrome/77.0.3865.90 Safari/537.36"
[Fri Oct 04 2019 13:22:23 GMT-0700 (PDT)] "GET /resources/genomes.json" "Mozilla/5.0 (Windows NT 6.1; Win64; x64) AppleWebKit/537.36 (KHTML, like Gecko) Chrome/77.0.3865.90 Safari/537.36"
[Fri Oct 04 2019 13:22:24 GMT-0700 (PDT)] "GET /favicon.ico" "Mozilla/5.0 (Windows NT 6.1; Win64; x64) AppleWebKit/537.36 (KHTML, like Gecko) Chrome/77.0.3865.90 Safari/537.36"
[Fri Oct 04 2019 13:22:24 GMT-0700 (PDT)] "GET /resources/tracks/trackRegistry.json" "Mozilla/5.0 (Windows NT 6.1; Win64; x64) AppleWebKit/537.36 (KHTML, like Gecko) Chrome/77.0.3865.90 Safari/537.36"
[Fri Oct 04 2019 13:22:25 GMT-0700 (PDT)] "GET /resources/tracks/hg19_annotations.json" "Mozilla/5.0 (Windows NT 6.1; Win64; x64) AppleWebKit/537.36 (KHTML, like Gecko) Chrome/77.0.3865.90 Safari/537.36"
[Fri Oct 04 2019 13:22:25 GMT-0700 (PDT)] "GET /resources/tracks/hg19_variants.json" "Mozilla/5.0 (Windows NT 6.1; Win64; x64) AppleWebKit/537.36 (KHTML, like Gecko) Chrome/77.0.3865.90 Safari/537.36"
[Fri Oct 04 2019 13:22:25 GMT-0700 (PDT)] "GET /resources/tracks/hg19_encode.json" "Mozilla/5.0 (Windows NT 6.1; Win64; x64) AppleWebKit/537.36 (KHTML, like Gecko) Chrome/77.0.3865.90 Safari/537.36"
[Fri Oct 04 2019 13:22:25 GMT-0700 (PDT)] "GET /resources/tracks/hg19_platinum_genomes.json" "Mozilla/5.0 (Windows NT 6.1; Win64; x64) AppleWebKit/537.36 (KHTML, like Gecko) Chrome/77.0.3865.90 Safari/537.36"
[Fri Oct 04 2019 13:22:25 GMT-0700 (PDT)] "GET /resources/tracks/hg19_tutorials.json" "Mozilla/5.0 (Windows NT 6.1; Win64; x64) AppleWebKit/537.36 (KHTML, like Gecko) Chrome/77.0.3865.90 Safari/537.36"
[Fri Oct 04 2019 13:22:43 GMT-0700 (PDT)] "GET /" "Mozilla/5.0 (Windows NT 6.1; Win64; x64) AppleWebKit/537.36 (KHTML, like Gecko) Chrome/77.0.3865.90 Safari/537.36"
[Fri Oct 04 2019 13:22:43 GMT-0700 (PDT)] "GET /css/fontawesome/all.css" "Mozilla/5.0 (Windows NT 6.1; Win64; x64) AppleWebKit/537.36 (KHTML, like Gecko) Chrome/77.0.3865.90 Safari/537.36"
[Fri Oct 04 2019 13:22:43 GMT-0700 (PDT)] "GET /css/app.css" "Mozilla/5.0 (Windows NT 6.1; Win64; x64) AppleWebKit/537.36 (KHTML, like Gecko) Chrome/77.0.3865.90 Safari/537.36"
[Fri Oct 04 2019 13:22:43 GMT-0700 (PDT)] "GET /img/dropbox-dropdown-menu-item.png" "Mozilla/5.0 (Windows NT 6.1; Win64; x64) AppleWebKit/537.36 (KHTML, like Gecko) Chrome/77.0.3865.90 Safari/537.36"
[Fri Oct 04 2019 13:22:43 GMT-0700 (PDT)] "GET /img/googledrive-dropdown-menu-item.png" "Mozilla/5.0 (Windows NT 6.1; Win64; x64) AppleWebKit/537.36 (KHTML, like Gecko) Chrome/77.0.3865.90 Safari/537.36"
[Fri Oct 04 2019 13:22:43 GMT-0700 (PDT)] "GET /igvwebConfig.js" "Mozilla/5.0 (Windows NT 6.1; Win64; x64) AppleWebKit/537.36 (KHTML, like Gecko) Chrome/77.0.3865.90 Safari/537.36"
[Fri Oct 04 2019 13:22:43 GMT-0700 (PDT)] "GET /app_bundle.js" "Mozilla/5.0 (Windows NT 6.1; Win64; x64) AppleWebKit/537.36 (KHTML, like Gecko) Chrome/77.0.3865.90 Safari/537.36"
[Fri Oct 04 2019 13:22:43 GMT-0700 (PDT)] "GET /img/igv-logo-cooked-40x40.png" "Mozilla/5.0 (Windows NT 6.1; Win64; x64) AppleWebKit/537.36 (KHTML, like Gecko) Chrome/77.0.3865.90 Safari/537.36"
[Fri Oct 04 2019 13:22:43 GMT-0700 (PDT)] "GET /img/ucsd-logo.svg" "Mozilla/5.0 (Windows NT 6.1; Win64; x64) AppleWebKit/537.36 (KHTML, like Gecko) Chrome/77.0.3865.90 Safari/537.36"
[Fri Oct 04 2019 13:22:43 GMT-0700 (PDT)] "GET /img/broad-institute-logo.svg" "Mozilla/5.0 (Windows NT 6.1; Win64; x64) AppleWebKit/537.36 (KHTML, like Gecko) Chrome/77.0.3865.90 Safari/537.36"
[Fri Oct 04 2019 13:22:43 GMT-0700 (PDT)] "GET /resources/genomes.json" "Mozilla/5.0 (Windows NT 6.1; Win64; x64) AppleWebKit/537.36 (KHTML, like Gecko) Chrome/77.0.3865.90 Safari/537.36"
[Fri Oct 04 2019 13:22:43 GMT-0700 (PDT)] "GET /css/webfonts/fa-solid-900.woff2" "Mozilla/5.0 (Windows NT 6.1; Win64; x64) AppleWebKit/537.36 (KHTML, like Gecko) Chrome/77.0.3865.90 Safari/537.36"
[Fri Oct 04 2019 13:22:43 GMT-0700 (PDT)] "GET /favicon.ico" "Mozilla/5.0 (Windows NT 6.1; Win64; x64) AppleWebKit/537.36 (KHTML, like Gecko) Chrome/77.0.3865.90 Safari/537.36"
[Fri Oct 04 2019 13:22:44 GMT-0700 (PDT)] "GET /resources/tracks/trackRegistry.json" "Mozilla/5.0 (Windows NT 6.1; Win64; x64) AppleWebKit/537.36 (KHTML, like Gecko) Chrome/77.0.3865.90 Safari/537.36"
[Fri Oct 04 2019 13:22:45 GMT-0700 (PDT)] "GET /resources/tracks/hg19_annotations.json" "Mozilla/5.0 (Windows NT 6.1; Win64; x64) AppleWebKit/537.36 (KHTML, like Gecko) Chrome/77.0.3865.90 Safari/537.36"
[Fri Oct 04 2019 13:22:45 GMT-0700 (PDT)] "GET /resources/tracks/hg19_variants.json" "Mozilla/5.0 (Windows NT 6.1; Win64; x64) AppleWebKit/537.36 (KHTML, like Gecko) Chrome/77.0.3865.90 Safari/537.36"
[Fri Oct 04 2019 13:22:45 GMT-0700 (PDT)] "GET /resources/tracks/hg19_encode.json" "Mozilla/5.0 (Windows NT 6.1; Win64; x64) AppleWebKit/537.36 (KHTML, like Gecko) Chrome/77.0.3865.90 Safari/537.36"
[Fri Oct 04 2019 13:22:45 GMT-0700 (PDT)] "GET /resources/tracks/hg19_platinum_genomes.json" "Mozilla/5.0 (Windows NT 6.1; Win64; x64) AppleWebKit/537.36 (KHTML, like Gecko) Chrome/77.0.3865.90 Safari/537.36"
[Fri Oct 04 2019 13:22:45 GMT-0700 (PDT)] "GET /resources/tracks/hg19_tutorials.json" "Mozilla/5.0 (Windows NT 6.1; Win64; x64) AppleWebKit/537.36 (KHTML, like Gecko) Chrome/77.0.3865.90 Safari/537.36"
[Fri Oct 04 2019 13:31:51 GMT-0700 (PDT)] "GET /" "Mozilla/5.0 (Windows NT 6.1; Win64; x64) AppleWebKit/537.36 (KHTML, like Gecko) Chrome/77.0.3865.90 Safari/537.36"
[Fri Oct 04 2019 13:31:51 GMT-0700 (PDT)] "GET /css/fontawesome/all.css" "Mozilla/5.0 (Windows NT 6.1; Win64; x64) AppleWebKit/537.36 (KHTML, like Gecko) Chrome/77.0.3865.90 Safari/537.36"
[Fri Oct 04 2019 13:31:51 GMT-0700 (PDT)] "GET /css/app.css" "Mozilla/5.0 (Windows NT 6.1; Win64; x64) AppleWebKit/537.36 (KHTML, like Gecko) Chrome/77.0.3865.90 Safari/537.36"
[Fri Oct 04 2019 13:31:51 GMT-0700 (PDT)] "GET /img/dropbox-dropdown-menu-item.png" "Mozilla/5.0 (Windows NT 6.1; Win64; x64) AppleWebKit/537.36 (KHTML, like Gecko) Chrome/77.0.3865.90 Safari/537.36"
[Fri Oct 04 2019 13:31:51 GMT-0700 (PDT)] "GET /img/googledrive-dropdown-menu-item.png" "Mozilla/5.0 (Windows NT 6.1; Win64; x64) AppleWebKit/537.36 (KHTML, like Gecko) Chrome/77.0.3865.90 Safari/537.36"
[Fri Oct 04 2019 13:31:51 GMT-0700 (PDT)] "GET /igvwebConfig.js" "Mozilla/5.0 (Windows NT 6.1; Win64; x64) AppleWebKit/537.36 (KHTML, like Gecko) Chrome/77.0.3865.90 Safari/537.36"
[Fri Oct 04 2019 13:31:51 GMT-0700 (PDT)] "GET /app_bundle.js" "Mozilla/5.0 (Windows NT 6.1; Win64; x64) AppleWebKit/537.36 (KHTML, like Gecko) Chrome/77.0.3865.90 Safari/537.36"
[Fri Oct 04 2019 13:31:51 GMT-0700 (PDT)] "GET /img/igv-logo-cooked-40x40.png" "Mozilla/5.0 (Windows NT 6.1; Win64; x64) AppleWebKit/537.36 (KHTML, like Gecko) Chrome/77.0.3865.90 Safari/537.36"
[Fri Oct 04 2019 13:31:51 GMT-0700 (PDT)] "GET /img/ucsd-logo.svg" "Mozilla/5.0 (Windows NT 6.1; Win64; x64) AppleWebKit/537.36 (KHTML, like Gecko) Chrome/77.0.3865.90 Safari/537.36"
[Fri Oct 04 2019 13:31:51 GMT-0700 (PDT)] "GET /img/broad-institute-logo.svg" "Mozilla/5.0 (Windows NT 6.1; Win64; x64) AppleWebKit/537.36 (KHTML, like Gecko) Chrome/77.0.3865.90 Safari/537.36"
[Fri Oct 04 2019 13:31:52 GMT-0700 (PDT)] "GET /resources/genomes.json" "Mozilla/5.0 (Windows NT 6.1; Win64; x64) AppleWebKit/537.36 (KHTML, like Gecko) Chrome/77.0.3865.90 Safari/537.36"
[Fri Oct 04 2019 13:31:52 GMT-0700 (PDT)] "GET /css/webfonts/fa-solid-900.woff2" "Mozilla/5.0 (Windows NT 6.1; Win64; x64) AppleWebKit/537.36 (KHTML, like Gecko) Chrome/77.0.3865.90 Safari/537.36"
[Fri Oct 04 2019 13:31:53 GMT-0700 (PDT)] "GET /favicon.ico" "Mozilla/5.0 (Windows NT 6.1; Win64; x64) AppleWebKit/537.36 (KHTML, like Gecko) Chrome/77.0.3865.90 Safari/537.36"
[Fri Oct 04 2019 13:31:54 GMT-0700 (PDT)] "GET /resources/tracks/trackRegistry.json" "Mozilla/5.0 (Windows NT 6.1; Win64; x64) AppleWebKit/537.36 (KHTML, like Gecko) Chrome/77.0.3865.90 Safari/537.36"
[Fri Oct 04 2019 13:31:54 GMT-0700 (PDT)] "GET /resources/tracks/hg19_annotations.json" "Mozilla/5.0 (Windows NT 6.1; Win64; x64) AppleWebKit/537.36 (KHTML, like Gecko) Chrome/77.0.3865.90 Safari/537.36"
[Fri Oct 04 2019 13:31:54 GMT-0700 (PDT)] "GET /resources/tracks/hg19_variants.json" "Mozilla/5.0 (Windows NT 6.1; Win64; x64) AppleWebKit/537.36 (KHTML, like Gecko) Chrome/77.0.3865.90 Safari/537.36"
[Fri Oct 04 2019 13:31:54 GMT-0700 (PDT)] "GET /resources/tracks/hg19_encode.json" "Mozilla/5.0 (Windows NT 6.1; Win64; x64) AppleWebKit/537.36 (KHTML, like Gecko) Chrome/77.0.3865.90 Safari/537.36"
[Fri Oct 04 2019 13:31:54 GMT-0700 (PDT)] "GET /resources/tracks/hg19_platinum_genomes.json" "Mozilla/5.0 (Windows NT 6.1; Win64; x64) AppleWebKit/537.36 (KHTML, like Gecko) Chrome/77.0.3865.90 Safari/537.36"
[Fri Oct 04 2019 13:31:54 GMT-0700 (PDT)] "GET /resources/tracks/hg19_tutorials.json" "Mozilla/5.0 (Windows NT 6.1; Win64; x64) AppleWebKit/537.36 (KHTML, like Gecko) Chrome/77.0.3865.90 Safari/537.36"
[Fri Oct 04 2019 13:35:25 GMT-0700 (PDT)] "GET /" "Mozilla/5.0 (Windows NT 6.1; Win64; x64) AppleWebKit/537.36 (KHTML, like Gecko) Chrome/77.0.3865.90 Safari/537.36"
[Fri Oct 04 2019 13:35:25 GMT-0700 (PDT)] "GET /css/fontawesome/all.css" "Mozilla/5.0 (Windows NT 6.1; Win64; x64) AppleWebKit/537.36 (KHTML, like Gecko) Chrome/77.0.3865.90 Safari/537.36"
[Fri Oct 04 2019 13:35:25 GMT-0700 (PDT)] "GET /css/app.css" "Mozilla/5.0 (Windows NT 6.1; Win64; x64) AppleWebKit/537.36 (KHTML, like Gecko) Chrome/77.0.3865.90 Safari/537.36"
[Fri Oct 04 2019 13:35:25 GMT-0700 (PDT)] "GET /igvwebConfig.js" "Mozilla/5.0 (Windows NT 6.1; Win64; x64) AppleWebKit/537.36 (KHTML, like Gecko) Chrome/77.0.3865.90 Safari/537.36"
[Fri Oct 04 2019 13:35:25 GMT-0700 (PDT)] "GET /img/dropbox-dropdown-menu-item.png" "Mozilla/5.0 (Windows NT 6.1; Win64; x64) AppleWebKit/537.36 (KHTML, like Gecko) Chrome/77.0.3865.90 Safari/537.36"
[Fri Oct 04 2019 13:35:25 GMT-0700 (PDT)] "GET /app_bundle.js" "Mozilla/5.0 (Windows NT 6.1; Win64; x64) AppleWebKit/537.36 (KHTML, like Gecko) Chrome/77.0.3865.90 Safari/537.36"
[Fri Oct 04 2019 13:35:25 GMT-0700 (PDT)] "GET /img/googledrive-dropdown-menu-item.png" "Mozilla/5.0 (Windows NT 6.1; Win64; x64) AppleWebKit/537.36 (KHTML, like Gecko) Chrome/77.0.3865.90 Safari/537.36"
[Fri Oct 04 2019 13:35:25 GMT-0700 (PDT)] "GET /img/igv-logo-cooked-40x40.png" "Mozilla/5.0 (Windows NT 6.1; Win64; x64) AppleWebKit/537.36 (KHTML, like Gecko) Chrome/77.0.3865.90 Safari/537.36"
[Fri Oct 04 2019 13:35:25 GMT-0700 (PDT)] "GET /img/ucsd-logo.svg" "Mozilla/5.0 (Windows NT 6.1; Win64; x64) AppleWebKit/537.36 (KHTML, like Gecko) Chrome/77.0.3865.90 Safari/537.36"
[Fri Oct 04 2019 13:35:25 GMT-0700 (PDT)] "GET /img/broad-institute-logo.svg" "Mozilla/5.0 (Windows NT 6.1; Win64; x64) AppleWebKit/537.36 (KHTML, like Gecko) Chrome/77.0.3865.90 Safari/537.36"
[Fri Oct 04 2019 13:35:25 GMT-0700 (PDT)] "GET /css/webfonts/fa-solid-900.woff2" "Mozilla/5.0 (Windows NT 6.1; Win64; x64) AppleWebKit/537.36 (KHTML, like Gecko) Chrome/77.0.3865.90 Safari/537.36"
[Fri Oct 04 2019 13:35:26 GMT-0700 (PDT)] "GET /resources/genomes.json" "Mozilla/5.0 (Windows NT 6.1; Win64; x64) AppleWebKit/537.36 (KHTML, like Gecko) Chrome/77.0.3865.90 Safari/537.36"
[Fri Oct 04 2019 13:35:26 GMT-0700 (PDT)] "GET /favicon.ico" "Mozilla/5.0 (Windows NT 6.1; Win64; x64) AppleWebKit/537.36 (KHTML, like Gecko) Chrome/77.0.3865.90 Safari/537.36"
[Fri Oct 04 2019 13:35:27 GMT-0700 (PDT)] "GET /resources/tracks/trackRegistry.json" "Mozilla/5.0 (Windows NT 6.1; Win64; x64) AppleWebKit/537.36 (KHTML, like Gecko) Chrome/77.0.3865.90 Safari/537.36"
[Fri Oct 04 2019 13:35:27 GMT-0700 (PDT)] "GET /resources/tracks/hg19_annotations.json" "Mozilla/5.0 (Windows NT 6.1; Win64; x64) AppleWebKit/537.36 (KHTML, like Gecko) Chrome/77.0.3865.90 Safari/537.36"
[Fri Oct 04 2019 13:35:27 GMT-0700 (PDT)] "GET /resources/tracks/hg19_variants.json" "Mozilla/5.0 (Windows NT 6.1; Win64; x64) AppleWebKit/537.36 (KHTML, like Gecko) Chrome/77.0.3865.90 Safari/537.36"
[Fri Oct 04 2019 13:35:27 GMT-0700 (PDT)] "GET /resources/tracks/hg19_encode.json" "Mozilla/5.0 (Windows NT 6.1; Win64; x64) AppleWebKit/537.36 (KHTML, like Gecko) Chrome/77.0.3865.90 Safari/537.36"
[Fri Oct 04 2019 13:35:27 GMT-0700 (PDT)] "GET /resources/tracks/hg19_platinum_genomes.json" "Mozilla/5.0 (Windows NT 6.1; Win64; x64) AppleWebKit/537.36 (KHTML, like Gecko) Chrome/77.0.3865.90 Safari/537.36"
[Fri Oct 04 2019 13:35:27 GMT-0700 (PDT)] "GET /resources/tracks/hg19_tutorials.json" "Mozilla/5.0 (Windows NT 6.1; Win64; x64) AppleWebKit/537.36 (KHTML, like Gecko) Chrome/77.0.3865.90 Safari/537.36"
[Fri Oct 04 2019 14:06:31 GMT-0700 (PDT)] "GET /" "Mozilla/5.0 (Windows NT 6.1; Win64; x64) AppleWebKit/537.36 (KHTML, like Gecko) Chrome/77.0.3865.90 Safari/537.36"
[Fri Oct 04 2019 14:06:32 GMT-0700 (PDT)] "GET /favicon.ico" "Mozilla/5.0 (Windows NT 6.1; Win64; x64) AppleWebKit/537.36 (KHTML, like Gecko) Chrome/77.0.3865.90 Safari/537.36"
